::1 - - [10/Dec/2019:08:08:02 +0000] "OPTIONS /auth/login HTTP/1.1" 200 4 "http://localhost:5000/" "Mozilla/5.0 (Windows NT 6.1; Win64; x64) AppleWebKit/537.36 (KHTML, like Gecko) Chrome/78.0.3904.108 Safari/537.36"
::1 - - [10/Dec/2019:08:08:03 +0000] "POST /auth/login HTTP/1.1" 401 29 "http://localhost:5000/" "Mozilla/5.0 (Windows NT 6.1; Win64; x64) AppleWebKit/537.36 (KHTML, like Gecko) Chrome/78.0.3904.108 Safari/537.36"
::1 - - [10/Dec/2019:08:08:07 +0000] "POST /auth/login HTTP/1.1" 401 29 "http://localhost:5000/" "Mozilla/5.0 (Windows NT 6.1; Win64; x64) AppleWebKit/537.36 (KHTML, like Gecko) Chrome/78.0.3904.108 Safari/537.36"
::1 - - [10/Dec/2019:08:08:11 +0000] "OPTIONS /auth/login HTTP/1.1" 200 4 "http://localhost:5000/" "Mozilla/5.0 (Windows NT 6.1; Win64; x64) AppleWebKit/537.36 (KHTML, like Gecko) Chrome/78.0.3904.108 Safari/537.36"
::1 - - [10/Dec/2019:08:08:12 +0000] "POST /auth/login HTTP/1.1" 401 29 "http://localhost:5000/" "Mozilla/5.0 (Windows NT 6.1; Win64; x64) AppleWebKit/537.36 (KHTML, like Gecko) Chrome/78.0.3904.108 Safari/537.36"
::1 - - [10/Dec/2019:08:08:41 +0000] "OPTIONS /auth/signup HTTP/1.1" 200 3 "http://localhost:5000/signup" "Mozilla/5.0 (Windows NT 6.1; Win64; x64) AppleWebKit/537.36 (KHTML, like Gecko) Chrome/78.0.3904.108 Safari/537.36"
::1 - - [10/Dec/2019:08:09:15 +0000] "PUT /auth/signup HTTP/1.1" - - "http://localhost:5000/signup" "Mozilla/5.0 (Windows NT 6.1; Win64; x64) AppleWebKit/537.36 (KHTML, like Gecko) Chrome/78.0.3904.108 Safari/537.36"
::1 - - [10/Dec/2019:08:09:20 +0000] "OPTIONS /auth/login HTTP/1.1" 200 4 "http://localhost:5000/" "Mozilla/5.0 (Windows NT 6.1; Win64; x64) AppleWebKit/537.36 (KHTML, like Gecko) Chrome/78.0.3904.108 Safari/537.36"
::1 - - [10/Dec/2019:08:09:20 +0000] "POST /auth/login HTTP/1.1" 401 29 "http://localhost:5000/" "Mozilla/5.0 (Windows NT 6.1; Win64; x64) AppleWebKit/537.36 (KHTML, like Gecko) Chrome/78.0.3904.108 Safari/537.36"
::1 - - [10/Dec/2019:08:11:45 +0000] "OPTIONS /auth/login HTTP/1.1" 200 4 "http://localhost:5000/" "Mozilla/5.0 (Windows NT 6.1; Win64; x64) AppleWebKit/537.36 (KHTML, like Gecko) Chrome/78.0.3904.108 Safari/537.36"
::1 - - [10/Dec/2019:08:11:45 +0000] "POST /auth/login HTTP/1.1" 200 257 "http://localhost:5000/" "Mozilla/5.0 (Windows NT 6.1; Win64; x64) AppleWebKit/537.36 (KHTML, like Gecko) Chrome/78.0.3904.108 Safari/537.36"
::1 - - [10/Dec/2019:08:11:45 +0000] "OPTIONS /auth/status/ HTTP/1.1" 200 14 "http://localhost:5000/" "Mozilla/5.0 (Windows NT 6.1; Win64; x64) AppleWebKit/537.36 (KHTML, like Gecko) Chrome/78.0.3904.108 Safari/537.36"
::1 - - [10/Dec/2019:08:11:45 +0000] "OPTIONS /feed/posts?page=1 HTTP/1.1" 200 8 "http://localhost:5000/" "Mozilla/5.0 (Windows NT 6.1; Win64; x64) AppleWebKit/537.36 (KHTML, like Gecko) Chrome/78.0.3904.108 Safari/537.36"
::1 - - [10/Dec/2019:08:11:45 +0000] "GET /auth/status/ HTTP/1.1" 200 35 "http://localhost:5000/" "Mozilla/5.0 (Windows NT 6.1; Win64; x64) AppleWebKit/537.36 (KHTML, like Gecko) Chrome/78.0.3904.108 Safari/537.36"
::1 - - [10/Dec/2019:08:11:46 +0000] "GET /feed/posts?page=1 HTTP/1.1" 200 626 "http://localhost:5000/" "Mozilla/5.0 (Windows NT 6.1; Win64; x64) AppleWebKit/537.36 (KHTML, like Gecko) Chrome/78.0.3904.108 Safari/537.36"
::1 - - [10/Dec/2019:08:14:07 +0000] "OPTIONS /auth/login HTTP/1.1" 200 4 "http://localhost:5000/" "Mozilla/5.0 (Windows NT 6.1; Win64; x64) AppleWebKit/537.36 (KHTML, like Gecko) Chrome/78.0.3904.108 Safari/537.36"
::1 - - [10/Dec/2019:08:14:07 +0000] "POST /auth/login HTTP/1.1" 401 29 "http://localhost:5000/" "Mozilla/5.0 (Windows NT 6.1; Win64; x64) AppleWebKit/537.36 (KHTML, like Gecko) Chrome/78.0.3904.108 Safari/537.36"
::1 - - [10/Dec/2019:08:15:10 +0000] "OPTIONS /auth/login HTTP/1.1" 200 4 "http://localhost:5000/" "Mozilla/5.0 (Windows NT 6.1; Win64; x64) AppleWebKit/537.36 (KHTML, like Gecko) Chrome/78.0.3904.108 Safari/537.36"
::1 - - [10/Dec/2019:08:15:10 +0000] "POST /auth/login HTTP/1.1" 401 56 "http://localhost:5000/" "Mozilla/5.0 (Windows NT 6.1; Win64; x64) AppleWebKit/537.36 (KHTML, like Gecko) Chrome/78.0.3904.108 Safari/537.36"
::1 - - [10/Dec/2019:08:16:51 +0000] "OPTIONS /auth/login HTTP/1.1" 200 4 "http://localhost:5000/" "Mozilla/5.0 (Windows NT 6.1; Win64; x64) AppleWebKit/537.36 (KHTML, like Gecko) Chrome/78.0.3904.108 Safari/537.36"
::1 - - [10/Dec/2019:08:16:52 +0000] "POST /auth/login HTTP/1.1" 401 29 "http://localhost:5000/" "Mozilla/5.0 (Windows NT 6.1; Win64; x64) AppleWebKit/537.36 (KHTML, like Gecko) Chrome/78.0.3904.108 Safari/537.36"
::1 - - [10/Dec/2019:08:19:18 +0000] "OPTIONS /auth/login HTTP/1.1" 200 4 "http://localhost:5000/" "Mozilla/5.0 (Windows NT 6.1; Win64; x64) AppleWebKit/537.36 (KHTML, like Gecko) Chrome/78.0.3904.108 Safari/537.36"
::1 - - [10/Dec/2019:08:19:19 +0000] "POST /auth/login HTTP/1.1" 200 257 "http://localhost:5000/" "Mozilla/5.0 (Windows NT 6.1; Win64; x64) AppleWebKit/537.36 (KHTML, like Gecko) Chrome/78.0.3904.108 Safari/537.36"
::1 - - [10/Dec/2019:08:19:19 +0000] "OPTIONS /auth/status/ HTTP/1.1" 200 14 "http://localhost:5000/" "Mozilla/5.0 (Windows NT 6.1; Win64; x64) AppleWebKit/537.36 (KHTML, like Gecko) Chrome/78.0.3904.108 Safari/537.36"
::1 - - [10/Dec/2019:08:19:19 +0000] "OPTIONS /feed/posts?page=1 HTTP/1.1" 200 8 "http://localhost:5000/" "Mozilla/5.0 (Windows NT 6.1; Win64; x64) AppleWebKit/537.36 (KHTML, like Gecko) Chrome/78.0.3904.108 Safari/537.36"
::1 - - [10/Dec/2019:08:19:19 +0000] "GET /auth/status/ HTTP/1.1" 304 - "http://localhost:5000/" "Mozilla/5.0 (Windows NT 6.1; Win64; x64) AppleWebKit/537.36 (KHTML, like Gecko) Chrome/78.0.3904.108 Safari/537.36"
::1 - - [10/Dec/2019:08:19:20 +0000] "GET /feed/posts?page=1 HTTP/1.1" 304 - "http://localhost:5000/" "Mozilla/5.0 (Windows NT 6.1; Win64; x64) AppleWebKit/537.36 (KHTML, like Gecko) Chrome/78.0.3904.108 Safari/537.36"
::1 - - [10/Dec/2019:08:22:40 +0000] "OPTIONS /auth/status/ HTTP/1.1" 200 14 "http://localhost:5000/" "Mozilla/5.0 (Windows NT 6.1; Win64; x64) AppleWebKit/537.36 (KHTML, like Gecko) Chrome/78.0.3904.108 Safari/537.36"
::1 - - [10/Dec/2019:08:22:40 +0000] "OPTIONS /feed/posts?page=1 HTTP/1.1" 200 8 "http://localhost:5000/" "Mozilla/5.0 (Windows NT 6.1; Win64; x64) AppleWebKit/537.36 (KHTML, like Gecko) Chrome/78.0.3904.108 Safari/537.36"
::1 - - [10/Dec/2019:08:22:40 +0000] "GET /auth/status/ HTTP/1.1" 304 - "http://localhost:5000/" "Mozilla/5.0 (Windows NT 6.1; Win64; x64) AppleWebKit/537.36 (KHTML, like Gecko) Chrome/78.0.3904.108 Safari/537.36"
::1 - - [10/Dec/2019:08:22:40 +0000] "GET /feed/posts?page=1 HTTP/1.1" 304 - "http://localhost:5000/" "Mozilla/5.0 (Windows NT 6.1; Win64; x64) AppleWebKit/537.36 (KHTML, like Gecko) Chrome/78.0.3904.108 Safari/537.36"
::1 - - [10/Dec/2019:08:22:47 +0000] "OPTIONS /auth/login HTTP/1.1" 200 4 "http://localhost:5000/" "Mozilla/5.0 (Windows NT 6.1; Win64; x64) AppleWebKit/537.36 (KHTML, like Gecko) Chrome/78.0.3904.108 Safari/537.36"
::1 - - [10/Dec/2019:08:22:47 +0000] "POST /auth/login HTTP/1.1" 200 257 "http://localhost:5000/" "Mozilla/5.0 (Windows NT 6.1; Win64; x64) AppleWebKit/537.36 (KHTML, like Gecko) Chrome/78.0.3904.108 Safari/537.36"
::1 - - [10/Dec/2019:08:22:47 +0000] "OPTIONS /auth/status/ HTTP/1.1" 200 14 "http://localhost:5000/" "Mozilla/5.0 (Windows NT 6.1; Win64; x64) AppleWebKit/537.36 (KHTML, like Gecko) Chrome/78.0.3904.108 Safari/537.36"
::1 - - [10/Dec/2019:08:22:47 +0000] "OPTIONS /feed/posts?page=1 HTTP/1.1" 200 8 "http://localhost:5000/" "Mozilla/5.0 (Windows NT 6.1; Win64; x64) AppleWebKit/537.36 (KHTML, like Gecko) Chrome/78.0.3904.108 Safari/537.36"
::1 - - [10/Dec/2019:08:22:47 +0000] "GET /auth/status/ HTTP/1.1" 304 - "http://localhost:5000/" "Mozilla/5.0 (Windows NT 6.1; Win64; x64) AppleWebKit/537.36 (KHTML, like Gecko) Chrome/78.0.3904.108 Safari/537.36"
::1 - - [10/Dec/2019:08:22:48 +0000] "GET /feed/posts?page=1 HTTP/1.1" 304 - "http://localhost:5000/" "Mozilla/5.0 (Windows NT 6.1; Win64; x64) AppleWebKit/537.36 (KHTML, like Gecko) Chrome/78.0.3904.108 Safari/537.36"
::1 - - [10/Dec/2019:08:23:11 +0000] "OPTIONS /auth/login HTTP/1.1" 200 4 "http://localhost:5000/" "Mozilla/5.0 (Windows NT 6.1; Win64; x64) AppleWebKit/537.36 (KHTML, like Gecko) Chrome/78.0.3904.108 Safari/537.36"
::1 - - [10/Dec/2019:08:23:11 +0000] "POST /auth/login HTTP/1.1" 401 29 "http://localhost:5000/" "Mozilla/5.0 (Windows NT 6.1; Win64; x64) AppleWebKit/537.36 (KHTML, like Gecko) Chrome/78.0.3904.108 Safari/537.36"
::1 - - [10/Dec/2019:08:29:56 +0000] "OPTIONS /auth/login HTTP/1.1" 200 4 "http://localhost:5000/" "Mozilla/5.0 (Windows NT 6.1; Win64; x64) AppleWebKit/537.36 (KHTML, like Gecko) Chrome/78.0.3904.108 Safari/537.36"
::1 - - [10/Dec/2019:08:29:56 +0000] "POST /auth/login HTTP/1.1" 401 29 "http://localhost:5000/" "Mozilla/5.0 (Windows NT 6.1; Win64; x64) AppleWebKit/537.36 (KHTML, like Gecko) Chrome/78.0.3904.108 Safari/537.36"
::1 - - [10/Dec/2019:08:30:25 +0000] "OPTIONS /auth/login HTTP/1.1" 200 4 "http://localhost:5000/" "Mozilla/5.0 (Windows NT 6.1; Win64; x64) AppleWebKit/537.36 (KHTML, like Gecko) Chrome/78.0.3904.108 Safari/537.36"
::1 - - [10/Dec/2019:08:30:26 +0000] "POST /auth/login HTTP/1.1" 200 257 "http://localhost:5000/" "Mozilla/5.0 (Windows NT 6.1; Win64; x64) AppleWebKit/537.36 (KHTML, like Gecko) Chrome/78.0.3904.108 Safari/537.36"
::1 - - [10/Dec/2019:08:30:26 +0000] "OPTIONS /auth/status/ HTTP/1.1" 200 14 "http://localhost:5000/" "Mozilla/5.0 (Windows NT 6.1; Win64; x64) AppleWebKit/537.36 (KHTML, like Gecko) Chrome/78.0.3904.108 Safari/537.36"
::1 - - [10/Dec/2019:08:30:26 +0000] "OPTIONS /feed/posts?page=1 HTTP/1.1" 200 8 "http://localhost:5000/" "Mozilla/5.0 (Windows NT 6.1; Win64; x64) AppleWebKit/537.36 (KHTML, like Gecko) Chrome/78.0.3904.108 Safari/537.36"
::1 - - [10/Dec/2019:08:30:26 +0000] "GET /auth/status/ HTTP/1.1" 304 - "http://localhost:5000/" "Mozilla/5.0 (Windows NT 6.1; Win64; x64) AppleWebKit/537.36 (KHTML, like Gecko) Chrome/78.0.3904.108 Safari/537.36"
::1 - - [10/Dec/2019:08:30:27 +0000] "GET /feed/posts?page=1 HTTP/1.1" 304 - "http://localhost:5000/" "Mozilla/5.0 (Windows NT 6.1; Win64; x64) AppleWebKit/537.36 (KHTML, like Gecko) Chrome/78.0.3904.108 Safari/537.36"
::1 - - [10/Dec/2019:08:32:09 +0000] "OPTIONS /auth/status/ HTTP/1.1" 200 14 "http://localhost:5000/" "Mozilla/5.0 (Windows NT 6.1; Win64; x64) AppleWebKit/537.36 (KHTML, like Gecko) Chrome/78.0.3904.108 Safari/537.36"
::1 - - [10/Dec/2019:08:32:09 +0000] "OPTIONS /feed/posts?page=1 HTTP/1.1" 200 8 "http://localhost:5000/" "Mozilla/5.0 (Windows NT 6.1; Win64; x64) AppleWebKit/537.36 (KHTML, like Gecko) Chrome/78.0.3904.108 Safari/537.36"
::1 - - [10/Dec/2019:08:32:09 +0000] "GET /auth/status/ HTTP/1.1" 304 - "http://localhost:5000/" "Mozilla/5.0 (Windows NT 6.1; Win64; x64) AppleWebKit/537.36 (KHTML, like Gecko) Chrome/78.0.3904.108 Safari/537.36"
::1 - - [10/Dec/2019:08:32:10 +0000] "GET /feed/posts?page=1 HTTP/1.1" 304 - "http://localhost:5000/" "Mozilla/5.0 (Windows NT 6.1; Win64; x64) AppleWebKit/537.36 (KHTML, like Gecko) Chrome/78.0.3904.108 Safari/537.36"
::1 - - [10/Dec/2019:08:32:15 +0000] "OPTIONS /auth/login HTTP/1.1" 200 4 "http://localhost:5000/" "Mozilla/5.0 (Windows NT 6.1; Win64; x64) AppleWebKit/537.36 (KHTML, like Gecko) Chrome/78.0.3904.108 Safari/537.36"
::1 - - [10/Dec/2019:08:32:16 +0000] "POST /auth/login HTTP/1.1" 200 257 "http://localhost:5000/" "Mozilla/5.0 (Windows NT 6.1; Win64; x64) AppleWebKit/537.36 (KHTML, like Gecko) Chrome/78.0.3904.108 Safari/537.36"
::1 - - [10/Dec/2019:08:32:16 +0000] "OPTIONS /auth/status/ HTTP/1.1" 200 14 "http://localhost:5000/" "Mozilla/5.0 (Windows NT 6.1; Win64; x64) AppleWebKit/537.36 (KHTML, like Gecko) Chrome/78.0.3904.108 Safari/537.36"
::1 - - [10/Dec/2019:08:32:16 +0000] "OPTIONS /feed/posts?page=1 HTTP/1.1" 200 8 "http://localhost:5000/" "Mozilla/5.0 (Windows NT 6.1; Win64; x64) AppleWebKit/537.36 (KHTML, like Gecko) Chrome/78.0.3904.108 Safari/537.36"
::1 - - [10/Dec/2019:08:32:16 +0000] "GET /auth/status/ HTTP/1.1" 304 - "http://localhost:5000/" "Mozilla/5.0 (Windows NT 6.1; Win64; x64) AppleWebKit/537.36 (KHTML, like Gecko) Chrome/78.0.3904.108 Safari/537.36"
::1 - - [10/Dec/2019:08:32:17 +0000] "GET /feed/posts?page=1 HTTP/1.1" 304 - "http://localhost:5000/" "Mozilla/5.0 (Windows NT 6.1; Win64; x64) AppleWebKit/537.36 (KHTML, like Gecko) Chrome/78.0.3904.108 Safari/537.36"
::1 - - [10/Dec/2019:08:40:00 +0000] "OPTIONS /auth/login HTTP/1.1" 200 4 "http://localhost:5000/" "Mozilla/5.0 (Windows NT 6.1; Win64; x64) AppleWebKit/537.36 (KHTML, like Gecko) Chrome/78.0.3904.108 Safari/537.36"
::1 - - [10/Dec/2019:08:40:00 +0000] "POST /auth/login HTTP/1.1" 200 257 "http://localhost:5000/" "Mozilla/5.0 (Windows NT 6.1; Win64; x64) AppleWebKit/537.36 (KHTML, like Gecko) Chrome/78.0.3904.108 Safari/537.36"
::1 - - [10/Dec/2019:08:40:00 +0000] "OPTIONS /auth/status/ HTTP/1.1" 200 14 "http://localhost:5000/" "Mozilla/5.0 (Windows NT 6.1; Win64; x64) AppleWebKit/537.36 (KHTML, like Gecko) Chrome/78.0.3904.108 Safari/537.36"
::1 - - [10/Dec/2019:08:40:00 +0000] "OPTIONS /feed/posts?page=1 HTTP/1.1" 200 8 "http://localhost:5000/" "Mozilla/5.0 (Windows NT 6.1; Win64; x64) AppleWebKit/537.36 (KHTML, like Gecko) Chrome/78.0.3904.108 Safari/537.36"
::1 - - [10/Dec/2019:08:40:00 +0000] "GET /auth/status/ HTTP/1.1" 200 35 "http://localhost:5000/" "Mozilla/5.0 (Windows NT 6.1; Win64; x64) AppleWebKit/537.36 (KHTML, like Gecko) Chrome/78.0.3904.108 Safari/537.36"
::1 - - [10/Dec/2019:08:40:01 +0000] "GET /feed/posts?page=1 HTTP/1.1" 200 626 "http://localhost:5000/" "Mozilla/5.0 (Windows NT 6.1; Win64; x64) AppleWebKit/537.36 (KHTML, like Gecko) Chrome/78.0.3904.108 Safari/537.36"
::1 - - [10/Dec/2019:08:40:15 +0000] "OPTIONS /auth/signup HTTP/1.1" 200 3 "http://localhost:5000/signup" "Mozilla/5.0 (Windows NT 6.1; Win64; x64) AppleWebKit/537.36 (KHTML, like Gecko) Chrome/78.0.3904.108 Safari/537.36"
::1 - - [10/Dec/2019:08:40:16 +0000] "PUT /auth/signup HTTP/1.1" 201 63 "http://localhost:5000/signup" "Mozilla/5.0 (Windows NT 6.1; Win64; x64) AppleWebKit/537.36 (KHTML, like Gecko) Chrome/78.0.3904.108 Safari/537.36"
::1 - - [10/Dec/2019:08:40:23 +0000] "OPTIONS /auth/login HTTP/1.1" 200 4 "http://localhost:5000/" "Mozilla/5.0 (Windows NT 6.1; Win64; x64) AppleWebKit/537.36 (KHTML, like Gecko) Chrome/78.0.3904.108 Safari/537.36"
::1 - - [10/Dec/2019:08:40:24 +0000] "POST /auth/login HTTP/1.1" 200 265 "http://localhost:5000/" "Mozilla/5.0 (Windows NT 6.1; Win64; x64) AppleWebKit/537.36 (KHTML, like Gecko) Chrome/78.0.3904.108 Safari/537.36"
::1 - - [10/Dec/2019:08:40:24 +0000] "OPTIONS /auth/status/ HTTP/1.1" 200 14 "http://localhost:5000/" "Mozilla/5.0 (Windows NT 6.1; Win64; x64) AppleWebKit/537.36 (KHTML, like Gecko) Chrome/78.0.3904.108 Safari/537.36"
::1 - - [10/Dec/2019:08:40:24 +0000] "OPTIONS /feed/posts?page=1 HTTP/1.1" 200 8 "http://localhost:5000/" "Mozilla/5.0 (Windows NT 6.1; Win64; x64) AppleWebKit/537.36 (KHTML, like Gecko) Chrome/78.0.3904.108 Safari/537.36"
::1 - - [10/Dec/2019:08:40:24 +0000] "GET /auth/status/ HTTP/1.1" 200 22 "http://localhost:5000/" "Mozilla/5.0 (Windows NT 6.1; Win64; x64) AppleWebKit/537.36 (KHTML, like Gecko) Chrome/78.0.3904.108 Safari/537.36"
::1 - - [10/Dec/2019:08:40:24 +0000] "GET /feed/posts?page=1 HTTP/1.1" 304 - "http://localhost:5000/" "Mozilla/5.0 (Windows NT 6.1; Win64; x64) AppleWebKit/537.36 (KHTML, like Gecko) Chrome/78.0.3904.108 Safari/537.36"
::1 - - [10/Dec/2019:08:40:28 +0000] "OPTIONS /feed/post/5de92ff4dac6e00d4c7e8d50 HTTP/1.1" 200 19 "http://localhost:5000/" "Mozilla/5.0 (Windows NT 6.1; Win64; x64) AppleWebKit/537.36 (KHTML, like Gecko) Chrome/78.0.3904.108 Safari/537.36"
::1 - - [10/Dec/2019:08:40:29 +0000] "DELETE /feed/post/5de92ff4dac6e00d4c7e8d50 HTTP/1.1" 403 29 "http://localhost:5000/" "Mozilla/5.0 (Windows NT 6.1; Win64; x64) AppleWebKit/537.36 (KHTML, like Gecko) Chrome/78.0.3904.108 Safari/537.36"
::1 - - [10/Dec/2019:08:44:57 +0000] "OPTIONS /auth/login HTTP/1.1" 200 4 "http://localhost:5000/" "Mozilla/5.0 (Windows NT 6.1; Win64; x64) AppleWebKit/537.36 (KHTML, like Gecko) Chrome/78.0.3904.108 Safari/537.36"
::1 - - [10/Dec/2019:08:44:57 +0000] "POST /auth/login HTTP/1.1" 401 29 "http://localhost:5000/" "Mozilla/5.0 (Windows NT 6.1; Win64; x64) AppleWebKit/537.36 (KHTML, like Gecko) Chrome/78.0.3904.108 Safari/537.36"
::1 - - [10/Dec/2019:08:45:06 +0000] "OPTIONS /auth/login HTTP/1.1" 200 4 "http://localhost:5000/" "Mozilla/5.0 (Windows NT 6.1; Win64; x64) AppleWebKit/537.36 (KHTML, like Gecko) Chrome/78.0.3904.108 Safari/537.36"
::1 - - [10/Dec/2019:08:45:07 +0000] "POST /auth/login HTTP/1.1" 401 29 "http://localhost:5000/" "Mozilla/5.0 (Windows NT 6.1; Win64; x64) AppleWebKit/537.36 (KHTML, like Gecko) Chrome/78.0.3904.108 Safari/537.36"
::1 - - [10/Dec/2019:08:46:29 +0000] "OPTIONS /auth/login HTTP/1.1" 200 4 "http://localhost:5000/" "Mozilla/5.0 (Windows NT 6.1; Win64; x64) AppleWebKit/537.36 (KHTML, like Gecko) Chrome/78.0.3904.108 Safari/537.36"
::1 - - [10/Dec/2019:08:46:30 +0000] "POST /auth/login HTTP/1.1" 200 257 "http://localhost:5000/" "Mozilla/5.0 (Windows NT 6.1; Win64; x64) AppleWebKit/537.36 (KHTML, like Gecko) Chrome/78.0.3904.108 Safari/537.36"
::1 - - [10/Dec/2019:08:46:30 +0000] "OPTIONS /auth/status/ HTTP/1.1" 200 14 "http://localhost:5000/" "Mozilla/5.0 (Windows NT 6.1; Win64; x64) AppleWebKit/537.36 (KHTML, like Gecko) Chrome/78.0.3904.108 Safari/537.36"
::1 - - [10/Dec/2019:08:46:30 +0000] "OPTIONS /feed/posts?page=1 HTTP/1.1" 200 8 "http://localhost:5000/" "Mozilla/5.0 (Windows NT 6.1; Win64; x64) AppleWebKit/537.36 (KHTML, like Gecko) Chrome/78.0.3904.108 Safari/537.36"
::1 - - [10/Dec/2019:08:46:30 +0000] "GET /auth/status/ HTTP/1.1" 200 35 "http://localhost:5000/" "Mozilla/5.0 (Windows NT 6.1; Win64; x64) AppleWebKit/537.36 (KHTML, like Gecko) Chrome/78.0.3904.108 Safari/537.36"
::1 - - [10/Dec/2019:08:46:31 +0000] "GET /feed/posts?page=1 HTTP/1.1" 304 - "http://localhost:5000/" "Mozilla/5.0 (Windows NT 6.1; Win64; x64) AppleWebKit/537.36 (KHTML, like Gecko) Chrome/78.0.3904.108 Safari/537.36"
::1 - - [10/Dec/2019:08:48:42 +0000] "OPTIONS /auth/login HTTP/1.1" 200 4 "http://localhost:5000/" "Mozilla/5.0 (Windows NT 6.1; Win64; x64) AppleWebKit/537.36 (KHTML, like Gecko) Chrome/78.0.3904.108 Safari/537.36"
::1 - - [10/Dec/2019:08:48:46 +0000] "POST /auth/login HTTP/1.1" 401 29 "http://localhost:5000/" "Mozilla/5.0 (Windows NT 6.1; Win64; x64) AppleWebKit/537.36 (KHTML, like Gecko) Chrome/78.0.3904.108 Safari/537.36"
::1 - - [10/Dec/2019:08:48:49 +0000] "OPTIONS /auth/login HTTP/1.1" 200 4 "http://localhost:5000/" "Mozilla/5.0 (Windows NT 6.1; Win64; x64) AppleWebKit/537.36 (KHTML, like Gecko) Chrome/78.0.3904.108 Safari/537.36"
::1 - - [10/Dec/2019:08:48:49 +0000] "POST /auth/login HTTP/1.1" 401 29 "http://localhost:5000/" "Mozilla/5.0 (Windows NT 6.1; Win64; x64) AppleWebKit/537.36 (KHTML, like Gecko) Chrome/78.0.3904.108 Safari/537.36"
::1 - - [10/Dec/2019:08:48:56 +0000] "POST /auth/login HTTP/1.1" 401 29 "http://localhost:5000/" "Mozilla/5.0 (Windows NT 6.1; Win64; x64) AppleWebKit/537.36 (KHTML, like Gecko) Chrome/78.0.3904.108 Safari/537.36"
::1 - - [10/Dec/2019:08:49:42 +0000] "OPTIONS /auth/login HTTP/1.1" 200 4 "http://localhost:5000/" "Mozilla/5.0 (Windows NT 6.1; Win64; x64) AppleWebKit/537.36 (KHTML, like Gecko) Chrome/78.0.3904.108 Safari/537.36"
::1 - - [10/Dec/2019:08:49:42 +0000] "POST /auth/login HTTP/1.1" 401 29 "http://localhost:5000/" "Mozilla/5.0 (Windows NT 6.1; Win64; x64) AppleWebKit/537.36 (KHTML, like Gecko) Chrome/78.0.3904.108 Safari/537.36"
::1 - - [10/Dec/2019:08:50:00 +0000] "OPTIONS /auth/login HTTP/1.1" 200 4 "http://localhost:5000/" "Mozilla/5.0 (Windows NT 6.1; Win64; x64) AppleWebKit/537.36 (KHTML, like Gecko) Chrome/78.0.3904.108 Safari/537.36"
::1 - - [10/Dec/2019:08:50:01 +0000] "POST /auth/login HTTP/1.1" 401 29 "http://localhost:5000/" "Mozilla/5.0 (Windows NT 6.1; Win64; x64) AppleWebKit/537.36 (KHTML, like Gecko) Chrome/78.0.3904.108 Safari/537.36"
::1 - - [10/Dec/2019:08:51:08 +0000] "OPTIONS /auth/login HTTP/1.1" 200 4 "http://localhost:5000/" "Mozilla/5.0 (Windows NT 6.1; Win64; x64) AppleWebKit/537.36 (KHTML, like Gecko) Chrome/78.0.3904.108 Safari/537.36"
::1 - - [10/Dec/2019:08:51:13 +0000] "POST /auth/login HTTP/1.1" 200 257 "http://localhost:5000/" "Mozilla/5.0 (Windows NT 6.1; Win64; x64) AppleWebKit/537.36 (KHTML, like Gecko) Chrome/78.0.3904.108 Safari/537.36"
::1 - - [10/Dec/2019:08:51:13 +0000] "OPTIONS /auth/status/ HTTP/1.1" 200 14 "http://localhost:5000/" "Mozilla/5.0 (Windows NT 6.1; Win64; x64) AppleWebKit/537.36 (KHTML, like Gecko) Chrome/78.0.3904.108 Safari/537.36"
::1 - - [10/Dec/2019:08:51:13 +0000] "OPTIONS /feed/posts?page=1 HTTP/1.1" 200 8 "http://localhost:5000/" "Mozilla/5.0 (Windows NT 6.1; Win64; x64) AppleWebKit/537.36 (KHTML, like Gecko) Chrome/78.0.3904.108 Safari/537.36"
::1 - - [10/Dec/2019:08:51:13 +0000] "GET /auth/status/ HTTP/1.1" 304 - "http://localhost:5000/" "Mozilla/5.0 (Windows NT 6.1; Win64; x64) AppleWebKit/537.36 (KHTML, like Gecko) Chrome/78.0.3904.108 Safari/537.36"
::1 - - [10/Dec/2019:08:51:13 +0000] "GET /feed/posts?page=1 HTTP/1.1" 304 - "http://localhost:5000/" "Mozilla/5.0 (Windows NT 6.1; Win64; x64) AppleWebKit/537.36 (KHTML, like Gecko) Chrome/78.0.3904.108 Safari/537.36"
::1 - - [10/Dec/2019:08:52:38 +0000] "OPTIONS /auth/login HTTP/1.1" 200 4 "http://localhost:5000/" "Mozilla/5.0 (Windows NT 6.1; Win64; x64) AppleWebKit/537.36 (KHTML, like Gecko) Chrome/78.0.3904.108 Safari/537.36"
::1 - - [10/Dec/2019:08:52:39 +0000] "POST /auth/login HTTP/1.1" 401 29 "http://localhost:5000/" "Mozilla/5.0 (Windows NT 6.1; Win64; x64) AppleWebKit/537.36 (KHTML, like Gecko) Chrome/78.0.3904.108 Safari/537.36"
::1 - - [10/Dec/2019:09:14:06 +0000] "OPTIONS /auth/login HTTP/1.1" 200 4 "http://localhost:5000/" "Mozilla/5.0 (Windows NT 6.1; Win64; x64) AppleWebKit/537.36 (KHTML, like Gecko) Chrome/78.0.3904.108 Safari/537.36"
::1 - - [10/Dec/2019:09:14:07 +0000] "POST /auth/login HTTP/1.1" 401 29 "http://localhost:5000/" "Mozilla/5.0 (Windows NT 6.1; Win64; x64) AppleWebKit/537.36 (KHTML, like Gecko) Chrome/78.0.3904.108 Safari/537.36"
::1 - - [10/Dec/2019:09:15:23 +0000] "OPTIONS /auth/login HTTP/1.1" 200 4 "http://localhost:5000/" "Mozilla/5.0 (Windows NT 6.1; Win64; x64) AppleWebKit/537.36 (KHTML, like Gecko) Chrome/78.0.3904.108 Safari/537.36"
::1 - - [10/Dec/2019:09:15:23 +0000] "POST /auth/login HTTP/1.1" 401 29 "http://localhost:5000/" "Mozilla/5.0 (Windows NT 6.1; Win64; x64) AppleWebKit/537.36 (KHTML, like Gecko) Chrome/78.0.3904.108 Safari/537.36"
::1 - - [10/Dec/2019:09:15:30 +0000] "OPTIONS /auth/login HTTP/1.1" 200 4 "http://localhost:5000/" "Mozilla/5.0 (Windows NT 6.1; Win64; x64) AppleWebKit/537.36 (KHTML, like Gecko) Chrome/78.0.3904.108 Safari/537.36"
::1 - - [10/Dec/2019:09:15:31 +0000] "POST /auth/login HTTP/1.1" 401 29 "http://localhost:5000/" "Mozilla/5.0 (Windows NT 6.1; Win64; x64) AppleWebKit/537.36 (KHTML, like Gecko) Chrome/78.0.3904.108 Safari/537.36"
::1 - - [10/Dec/2019:09:15:58 +0000] "OPTIONS /auth/login HTTP/1.1" 200 4 "http://localhost:5000/" "Mozilla/5.0 (Windows NT 6.1; Win64; x64) AppleWebKit/537.36 (KHTML, like Gecko) Chrome/78.0.3904.108 Safari/537.36"
::1 - - [10/Dec/2019:09:15:58 +0000] "POST /auth/login HTTP/1.1" 200 257 "http://localhost:5000/" "Mozilla/5.0 (Windows NT 6.1; Win64; x64) AppleWebKit/537.36 (KHTML, like Gecko) Chrome/78.0.3904.108 Safari/537.36"
::1 - - [10/Dec/2019:09:15:58 +0000] "OPTIONS /auth/status/ HTTP/1.1" 200 14 "http://localhost:5000/" "Mozilla/5.0 (Windows NT 6.1; Win64; x64) AppleWebKit/537.36 (KHTML, like Gecko) Chrome/78.0.3904.108 Safari/537.36"
::1 - - [10/Dec/2019:09:15:58 +0000] "OPTIONS /feed/posts?page=1 HTTP/1.1" 200 8 "http://localhost:5000/" "Mozilla/5.0 (Windows NT 6.1; Win64; x64) AppleWebKit/537.36 (KHTML, like Gecko) Chrome/78.0.3904.108 Safari/537.36"
::1 - - [10/Dec/2019:09:15:58 +0000] "GET /auth/status/ HTTP/1.1" 304 - "http://localhost:5000/" "Mozilla/5.0 (Windows NT 6.1; Win64; x64) AppleWebKit/537.36 (KHTML, like Gecko) Chrome/78.0.3904.108 Safari/537.36"
::1 - - [10/Dec/2019:09:15:59 +0000] "GET /feed/posts?page=1 HTTP/1.1" 304 - "http://localhost:5000/" "Mozilla/5.0 (Windows NT 6.1; Win64; x64) AppleWebKit/537.36 (KHTML, like Gecko) Chrome/78.0.3904.108 Safari/537.36"
::1 - - [10/Dec/2019:09:19:24 +0000] "OPTIONS /auth/login HTTP/1.1" 200 4 "http://localhost:5000/" "Mozilla/5.0 (Windows NT 6.1; Win64; x64) AppleWebKit/537.36 (KHTML, like Gecko) Chrome/78.0.3904.108 Safari/537.36"
::1 - - [10/Dec/2019:09:19:24 +0000] "POST /auth/login HTTP/1.1" 200 257 "http://localhost:5000/" "Mozilla/5.0 (Windows NT 6.1; Win64; x64) AppleWebKit/537.36 (KHTML, like Gecko) Chrome/78.0.3904.108 Safari/537.36"
::1 - - [10/Dec/2019:09:19:24 +0000] "OPTIONS /auth/status/ HTTP/1.1" 200 14 "http://localhost:5000/" "Mozilla/5.0 (Windows NT 6.1; Win64; x64) AppleWebKit/537.36 (KHTML, like Gecko) Chrome/78.0.3904.108 Safari/537.36"
::1 - - [10/Dec/2019:09:19:24 +0000] "OPTIONS /feed/posts?page=1 HTTP/1.1" 200 8 "http://localhost:5000/" "Mozilla/5.0 (Windows NT 6.1; Win64; x64) AppleWebKit/537.36 (KHTML, like Gecko) Chrome/78.0.3904.108 Safari/537.36"
::1 - - [10/Dec/2019:09:19:24 +0000] "GET /auth/status/ HTTP/1.1" 304 - "http://localhost:5000/" "Mozilla/5.0 (Windows NT 6.1; Win64; x64) AppleWebKit/537.36 (KHTML, like Gecko) Chrome/78.0.3904.108 Safari/537.36"
::1 - - [10/Dec/2019:09:19:25 +0000] "GET /feed/posts?page=1 HTTP/1.1" 304 - "http://localhost:5000/" "Mozilla/5.0 (Windows NT 6.1; Win64; x64) AppleWebKit/537.36 (KHTML, like Gecko) Chrome/78.0.3904.108 Safari/537.36"
::1 - - [10/Dec/2019:09:19:57 +0000] "OPTIONS /auth/login HTTP/1.1" 200 4 "http://localhost:5000/" "Mozilla/5.0 (Windows NT 6.1; Win64; x64) AppleWebKit/537.36 (KHTML, like Gecko) Chrome/78.0.3904.108 Safari/537.36"
::1 - - [10/Dec/2019:09:19:57 +0000] "POST /auth/login HTTP/1.1" 401 29 "http://localhost:5000/" "Mozilla/5.0 (Windows NT 6.1; Win64; x64) AppleWebKit/537.36 (KHTML, like Gecko) Chrome/78.0.3904.108 Safari/537.36"
::1 - - [10/Dec/2019:09:22:47 +0000] "OPTIONS /auth/signup HTTP/1.1" 200 3 "http://localhost:5000/signup" "Mozilla/5.0 (Windows NT 6.1; Win64; x64) AppleWebKit/537.36 (KHTML, like Gecko) Chrome/78.0.3904.108 Safari/537.36"
::1 - - [10/Dec/2019:09:22:47 +0000] "PUT /auth/signup HTTP/1.1" 201 63 "http://localhost:5000/signup" "Mozilla/5.0 (Windows NT 6.1; Win64; x64) AppleWebKit/537.36 (KHTML, like Gecko) Chrome/78.0.3904.108 Safari/537.36"
::1 - - [10/Dec/2019:09:22:53 +0000] "OPTIONS /auth/login HTTP/1.1" 200 4 "http://localhost:5000/" "Mozilla/5.0 (Windows NT 6.1; Win64; x64) AppleWebKit/537.36 (KHTML, like Gecko) Chrome/78.0.3904.108 Safari/537.36"
::1 - - [10/Dec/2019:09:22:54 +0000] "POST /auth/login HTTP/1.1" 200 259 "http://localhost:5000/" "Mozilla/5.0 (Windows NT 6.1; Win64; x64) AppleWebKit/537.36 (KHTML, like Gecko) Chrome/78.0.3904.108 Safari/537.36"
::1 - - [10/Dec/2019:09:22:54 +0000] "OPTIONS /auth/status/ HTTP/1.1" 200 14 "http://localhost:5000/" "Mozilla/5.0 (Windows NT 6.1; Win64; x64) AppleWebKit/537.36 (KHTML, like Gecko) Chrome/78.0.3904.108 Safari/537.36"
::1 - - [10/Dec/2019:09:22:54 +0000] "OPTIONS /feed/posts?page=1 HTTP/1.1" 200 8 "http://localhost:5000/" "Mozilla/5.0 (Windows NT 6.1; Win64; x64) AppleWebKit/537.36 (KHTML, like Gecko) Chrome/78.0.3904.108 Safari/537.36"
::1 - - [10/Dec/2019:09:22:54 +0000] "GET /auth/status/ HTTP/1.1" 200 22 "http://localhost:5000/" "Mozilla/5.0 (Windows NT 6.1; Win64; x64) AppleWebKit/537.36 (KHTML, like Gecko) Chrome/78.0.3904.108 Safari/537.36"
::1 - - [10/Dec/2019:09:22:54 +0000] "GET /feed/posts?page=1 HTTP/1.1" 200 66 "http://localhost:5000/" "Mozilla/5.0 (Windows NT 6.1; Win64; x64) AppleWebKit/537.36 (KHTML, like Gecko) Chrome/78.0.3904.108 Safari/537.36"
::1 - - [10/Dec/2019:09:24:50 +0000] "OPTIONS /auth/login HTTP/1.1" 200 4 "http://localhost:5000/" "Mozilla/5.0 (Windows NT 6.1; Win64; x64) AppleWebKit/537.36 (KHTML, like Gecko) Chrome/78.0.3904.108 Safari/537.36"
::1 - - [10/Dec/2019:09:24:51 +0000] "POST /auth/login HTTP/1.1" 401 56 "http://localhost:5000/" "Mozilla/5.0 (Windows NT 6.1; Win64; x64) AppleWebKit/537.36 (KHTML, like Gecko) Chrome/78.0.3904.108 Safari/537.36"
::1 - - [10/Dec/2019:09:25:00 +0000] "OPTIONS /auth/login HTTP/1.1" 200 4 "http://localhost:5000/" "Mozilla/5.0 (Windows NT 6.1; Win64; x64) AppleWebKit/537.36 (KHTML, like Gecko) Chrome/78.0.3904.108 Safari/537.36"
::1 - - [10/Dec/2019:09:25:01 +0000] "POST /auth/login HTTP/1.1" 200 259 "http://localhost:5000/" "Mozilla/5.0 (Windows NT 6.1; Win64; x64) AppleWebKit/537.36 (KHTML, like Gecko) Chrome/78.0.3904.108 Safari/537.36"
::1 - - [10/Dec/2019:09:25:01 +0000] "OPTIONS /auth/status/ HTTP/1.1" 200 14 "http://localhost:5000/" "Mozilla/5.0 (Windows NT 6.1; Win64; x64) AppleWebKit/537.36 (KHTML, like Gecko) Chrome/78.0.3904.108 Safari/537.36"
::1 - - [10/Dec/2019:09:25:01 +0000] "OPTIONS /feed/posts?page=1 HTTP/1.1" 200 8 "http://localhost:5000/" "Mozilla/5.0 (Windows NT 6.1; Win64; x64) AppleWebKit/537.36 (KHTML, like Gecko) Chrome/78.0.3904.108 Safari/537.36"
::1 - - [10/Dec/2019:09:25:01 +0000] "GET /auth/status/ HTTP/1.1" 304 - "http://localhost:5000/" "Mozilla/5.0 (Windows NT 6.1; Win64; x64) AppleWebKit/537.36 (KHTML, like Gecko) Chrome/78.0.3904.108 Safari/537.36"
::1 - - [10/Dec/2019:09:25:02 +0000] "GET /feed/posts?page=1 HTTP/1.1" 304 - "http://localhost:5000/" "Mozilla/5.0 (Windows NT 6.1; Win64; x64) AppleWebKit/537.36 (KHTML, like Gecko) Chrome/78.0.3904.108 Safari/537.36"
::1 - - [10/Dec/2019:09:26:16 +0000] "OPTIONS /auth/login HTTP/1.1" 200 4 "http://localhost:5000/" "Mozilla/5.0 (Windows NT 6.1; Win64; x64) AppleWebKit/537.36 (KHTML, like Gecko) Chrome/78.0.3904.108 Safari/537.36"
::1 - - [10/Dec/2019:09:26:17 +0000] "POST /auth/login HTTP/1.1" 401 29 "http://localhost:5000/" "Mozilla/5.0 (Windows NT 6.1; Win64; x64) AppleWebKit/537.36 (KHTML, like Gecko) Chrome/78.0.3904.108 Safari/537.36"
::1 - - [10/Dec/2019:09:33:22 +0000] "OPTIONS /auth/signup HTTP/1.1" 200 3 "http://localhost:5000/signup" "Mozilla/5.0 (Windows NT 6.1; Win64; x64) AppleWebKit/537.36 (KHTML, like Gecko) Chrome/78.0.3904.108 Safari/537.36"
::1 - - [10/Dec/2019:09:33:23 +0000] "PUT /auth/signup HTTP/1.1" 201 63 "http://localhost:5000/signup" "Mozilla/5.0 (Windows NT 6.1; Win64; x64) AppleWebKit/537.36 (KHTML, like Gecko) Chrome/78.0.3904.108 Safari/537.36"
::1 - - [10/Dec/2019:09:33:30 +0000] "OPTIONS /auth/login HTTP/1.1" 200 4 "http://localhost:5000/" "Mozilla/5.0 (Windows NT 6.1; Win64; x64) AppleWebKit/537.36 (KHTML, like Gecko) Chrome/78.0.3904.108 Safari/537.36"
::1 - - [10/Dec/2019:09:33:30 +0000] "POST /auth/login HTTP/1.1" 200 259 "http://localhost:5000/" "Mozilla/5.0 (Windows NT 6.1; Win64; x64) AppleWebKit/537.36 (KHTML, like Gecko) Chrome/78.0.3904.108 Safari/537.36"
::1 - - [10/Dec/2019:09:33:31 +0000] "OPTIONS /auth/status/ HTTP/1.1" 200 14 "http://localhost:5000/" "Mozilla/5.0 (Windows NT 6.1; Win64; x64) AppleWebKit/537.36 (KHTML, like Gecko) Chrome/78.0.3904.108 Safari/537.36"
::1 - - [10/Dec/2019:09:33:31 +0000] "OPTIONS /feed/posts?page=1 HTTP/1.1" 200 8 "http://localhost:5000/" "Mozilla/5.0 (Windows NT 6.1; Win64; x64) AppleWebKit/537.36 (KHTML, like Gecko) Chrome/78.0.3904.108 Safari/537.36"
::1 - - [10/Dec/2019:09:33:31 +0000] "GET /auth/status/ HTTP/1.1" 304 - "http://localhost:5000/" "Mozilla/5.0 (Windows NT 6.1; Win64; x64) AppleWebKit/537.36 (KHTML, like Gecko) Chrome/78.0.3904.108 Safari/537.36"
::1 - - [10/Dec/2019:09:33:31 +0000] "GET /feed/posts?page=1 HTTP/1.1" 304 - "http://localhost:5000/" "Mozilla/5.0 (Windows NT 6.1; Win64; x64) AppleWebKit/537.36 (KHTML, like Gecko) Chrome/78.0.3904.108 Safari/537.36"
::1 - - [10/Dec/2019:09:33:59 +0000] "OPTIONS /auth/login HTTP/1.1" 200 4 "http://localhost:5000/" "Mozilla/5.0 (Windows NT 6.1; Win64; x64) AppleWebKit/537.36 (KHTML, like Gecko) Chrome/78.0.3904.108 Safari/537.36"
::1 - - [10/Dec/2019:09:33:59 +0000] "POST /auth/login HTTP/1.1" 200 259 "http://localhost:5000/" "Mozilla/5.0 (Windows NT 6.1; Win64; x64) AppleWebKit/537.36 (KHTML, like Gecko) Chrome/78.0.3904.108 Safari/537.36"
::1 - - [10/Dec/2019:09:33:59 +0000] "OPTIONS /auth/status/ HTTP/1.1" 200 14 "http://localhost:5000/" "Mozilla/5.0 (Windows NT 6.1; Win64; x64) AppleWebKit/537.36 (KHTML, like Gecko) Chrome/78.0.3904.108 Safari/537.36"
::1 - - [10/Dec/2019:09:33:59 +0000] "OPTIONS /feed/posts?page=1 HTTP/1.1" 200 8 "http://localhost:5000/" "Mozilla/5.0 (Windows NT 6.1; Win64; x64) AppleWebKit/537.36 (KHTML, like Gecko) Chrome/78.0.3904.108 Safari/537.36"
::1 - - [10/Dec/2019:09:33:59 +0000] "GET /auth/status/ HTTP/1.1" 304 - "http://localhost:5000/" "Mozilla/5.0 (Windows NT 6.1; Win64; x64) AppleWebKit/537.36 (KHTML, like Gecko) Chrome/78.0.3904.108 Safari/537.36"
::1 - - [10/Dec/2019:09:34:00 +0000] "GET /feed/posts?page=1 HTTP/1.1" 304 - "http://localhost:5000/" "Mozilla/5.0 (Windows NT 6.1; Win64; x64) AppleWebKit/537.36 (KHTML, like Gecko) Chrome/78.0.3904.108 Safari/537.36"
::1 - - [10/Dec/2019:09:44:57 +0000] "OPTIONS /auth/login HTTP/1.1" 200 4 "http://localhost:5000/" "Mozilla/5.0 (Windows NT 6.1; Win64; x64) AppleWebKit/537.36 (KHTML, like Gecko) Chrome/78.0.3904.108 Safari/537.36"
::1 - - [10/Dec/2019:09:44:57 +0000] "POST /auth/login HTTP/1.1" 401 29 "http://localhost:5000/" "Mozilla/5.0 (Windows NT 6.1; Win64; x64) AppleWebKit/537.36 (KHTML, like Gecko) Chrome/78.0.3904.108 Safari/537.36"
::1 - - [10/Dec/2019:09:45:04 +0000] "OPTIONS /auth/login HTTP/1.1" 200 4 "http://localhost:5000/" "Mozilla/5.0 (Windows NT 6.1; Win64; x64) AppleWebKit/537.36 (KHTML, like Gecko) Chrome/78.0.3904.108 Safari/537.36"
::1 - - [10/Dec/2019:09:45:05 +0000] "POST /auth/login HTTP/1.1" 200 259 "http://localhost:5000/" "Mozilla/5.0 (Windows NT 6.1; Win64; x64) AppleWebKit/537.36 (KHTML, like Gecko) Chrome/78.0.3904.108 Safari/537.36"
::1 - - [10/Dec/2019:09:45:05 +0000] "OPTIONS /auth/status/ HTTP/1.1" 200 14 "http://localhost:5000/" "Mozilla/5.0 (Windows NT 6.1; Win64; x64) AppleWebKit/537.36 (KHTML, like Gecko) Chrome/78.0.3904.108 Safari/537.36"
::1 - - [10/Dec/2019:09:45:05 +0000] "OPTIONS /feed/posts?page=1 HTTP/1.1" 200 8 "http://localhost:5000/" "Mozilla/5.0 (Windows NT 6.1; Win64; x64) AppleWebKit/537.36 (KHTML, like Gecko) Chrome/78.0.3904.108 Safari/537.36"
::1 - - [10/Dec/2019:09:45:05 +0000] "GET /auth/status/ HTTP/1.1" 304 - "http://localhost:5000/" "Mozilla/5.0 (Windows NT 6.1; Win64; x64) AppleWebKit/537.36 (KHTML, like Gecko) Chrome/78.0.3904.108 Safari/537.36"
::1 - - [10/Dec/2019:09:45:06 +0000] "GET /feed/posts?page=1 HTTP/1.1" 304 - "http://localhost:5000/" "Mozilla/5.0 (Windows NT 6.1; Win64; x64) AppleWebKit/537.36 (KHTML, like Gecko) Chrome/78.0.3904.108 Safari/537.36"
::1 - - [10/Dec/2019:09:47:59 +0000] "OPTIONS /auth/login HTTP/1.1" 200 4 "http://localhost:5000/" "Mozilla/5.0 (Windows NT 6.1; Win64; x64) AppleWebKit/537.36 (KHTML, like Gecko) Chrome/78.0.3904.108 Safari/537.36"
::1 - - [10/Dec/2019:09:47:59 +0000] "POST /auth/login HTTP/1.1" 401 56 "http://localhost:5000/" "Mozilla/5.0 (Windows NT 6.1; Win64; x64) AppleWebKit/537.36 (KHTML, like Gecko) Chrome/78.0.3904.108 Safari/537.36"
::1 - - [10/Dec/2019:09:48:07 +0000] "OPTIONS /auth/signup HTTP/1.1" 200 3 "http://localhost:5000/signup" "Mozilla/5.0 (Windows NT 6.1; Win64; x64) AppleWebKit/537.36 (KHTML, like Gecko) Chrome/78.0.3904.108 Safari/537.36"
::1 - - [10/Dec/2019:09:48:08 +0000] "PUT /auth/signup HTTP/1.1" 201 63 "http://localhost:5000/signup" "Mozilla/5.0 (Windows NT 6.1; Win64; x64) AppleWebKit/537.36 (KHTML, like Gecko) Chrome/78.0.3904.108 Safari/537.36"
::1 - - [10/Dec/2019:09:48:11 +0000] "OPTIONS /auth/login HTTP/1.1" 200 4 "http://localhost:5000/" "Mozilla/5.0 (Windows NT 6.1; Win64; x64) AppleWebKit/537.36 (KHTML, like Gecko) Chrome/78.0.3904.108 Safari/537.36"
::1 - - [10/Dec/2019:09:48:12 +0000] "POST /auth/login HTTP/1.1" 200 257 "http://localhost:5000/" "Mozilla/5.0 (Windows NT 6.1; Win64; x64) AppleWebKit/537.36 (KHTML, like Gecko) Chrome/78.0.3904.108 Safari/537.36"
::1 - - [10/Dec/2019:09:48:12 +0000] "OPTIONS /auth/status/ HTTP/1.1" 200 14 "http://localhost:5000/" "Mozilla/5.0 (Windows NT 6.1; Win64; x64) AppleWebKit/537.36 (KHTML, like Gecko) Chrome/78.0.3904.108 Safari/537.36"
::1 - - [10/Dec/2019:09:48:12 +0000] "OPTIONS /feed/posts?page=1 HTTP/1.1" 200 8 "http://localhost:5000/" "Mozilla/5.0 (Windows NT 6.1; Win64; x64) AppleWebKit/537.36 (KHTML, like Gecko) Chrome/78.0.3904.108 Safari/537.36"
::1 - - [10/Dec/2019:09:48:12 +0000] "GET /auth/status/ HTTP/1.1" 304 - "http://localhost:5000/" "Mozilla/5.0 (Windows NT 6.1; Win64; x64) AppleWebKit/537.36 (KHTML, like Gecko) Chrome/78.0.3904.108 Safari/537.36"
::1 - - [10/Dec/2019:09:48:12 +0000] "GET /feed/posts?page=1 HTTP/1.1" 304 - "http://localhost:5000/" "Mozilla/5.0 (Windows NT 6.1; Win64; x64) AppleWebKit/537.36 (KHTML, like Gecko) Chrome/78.0.3904.108 Safari/537.36"
